########################## start user prologue 29037 ###########################
Created QTMPDIR
QTMPDIR=/local/1422723
##########################  end user prologue  29037 ###########################
This is the Sara Fraija Space
Activate HAWC enviroment
>>> Configuration file found, will be ignored in favour of command line
WARNING [Gilmore12FiducialEBLModel.cc, GetOpticalDepth:206]: Energy 101.042 is above maximum 10^2 TeV.
WARNING [Gilmore12FiducialEBLModel.cc, GetOpticalDepth:206]: Energy 103.395 is above maximum 10^2 TeV.
WARNING [Gilmore12FiducialEBLModel.cc, GetOpticalDepth:206]: Energy 105.803 is above maximum 10^2 TeV.
WARNING [Gilmore12FiducialEBLModel.cc, GetOpticalDepth:206]: Energy 108.268 is above maximum 10^2 TeV.
WARNING [Gilmore12FiducialEBLModel.cc, GetOpticalDepth:206]: Energy 110.79 is above maximum 10^2 TeV.
WARNING [Gilmore12FiducialEBLModel.cc, GetOpticalDepth:206]: Energy 113.37 is above maximum 10^2 TeV.
WARNING [Gilmore12FiducialEBLModel.cc, GetOpticalDepth:206]: Energy 116.011 is above maximum 10^2 TeV.
WARNING [Gilmore12FiducialEBLModel.cc, GetOpticalDepth:206]: Energy 118.713 is above maximum 10^2 TeV.
WARNING [Gilmore12FiducialEBLModel.cc, GetOpticalDepth:206]: Energy 121.479 is above maximum 10^2 TeV.
WARNING [Gilmore12FiducialEBLModel.cc, GetOpticalDepth:206]: Energy 124.308 is above maximum 10^2 TeV.
WARNING [Gilmore12FiducialEBLModel.cc, GetOpticalDepth:206]: Energy 127.204 is above maximum 10^2 TeV.
WARNING [Gilmore12FiducialEBLModel.cc, GetOpticalDepth:206]: Energy 130.167 is above maximum 10^2 TeV.
WARNING [Gilmore12FiducialEBLModel.cc, GetOpticalDepth:206]: Energy 133.199 is above maximum 10^2 TeV.
WARNING [Gilmore12FiducialEBLModel.cc, GetOpticalDepth:206]: Energy 136.301 is above maximum 10^2 TeV.
WARNING [Gilmore12FiducialEBLModel.cc, GetOpticalDepth:206]: Energy 139.476 is above maximum 10^2 TeV.
WARNING [Gilmore12FiducialEBLModel.cc, GetOpticalDepth:206]: Energy 142.725 is above maximum 10^2 TeV.
WARNING [Gilmore12FiducialEBLModel.cc, GetOpticalDepth:206]: Energy 146.049 is above maximum 10^2 TeV.
WARNING [Gilmore12FiducialEBLModel.cc, GetOpticalDepth:206]: Energy 149.451 is above maximum 10^2 TeV.
WARNING [Gilmore12FiducialEBLModel.cc, GetOpticalDepth:206]: Energy 152.933 is above maximum 10^2 TeV.
WARNING [Gilmore12FiducialEBLModel.cc, GetOpticalDepth:206]: Energy 156.495 is above maximum 10^2 TeV.
WARNING [Gilmore12FiducialEBLModel.cc, GetOpticalDepth:206]: Energy 160.14 is above maximum 10^2 TeV.
WARNING [Gilmore12FiducialEBLModel.cc, GetOpticalDepth:206]: Energy 163.87 is above maximum 10^2 TeV.
WARNING [Gilmore12FiducialEBLModel.cc, GetOpticalDepth:206]: Energy 167.687 is above maximum 10^2 TeV.
WARNING [Gilmore12FiducialEBLModel.cc, GetOpticalDepth:206]: Energy 171.593 is above maximum 10^2 TeV.
WARNING [Gilmore12FiducialEBLModel.cc, GetOpticalDepth:206]: Energy 175.59 is above maximum 10^2 TeV.
WARNING [Gilmore12FiducialEBLModel.cc, GetOpticalDepth:206]: Energy 179.68 is above maximum 10^2 TeV.
WARNING [Gilmore12FiducialEBLModel.cc, GetOpticalDepth:206]: Energy 183.865 is above maximum 10^2 TeV.
WARNING [Gilmore12FiducialEBLModel.cc, GetOpticalDepth:206]: Energy 188.148 is above maximum 10^2 TeV.
WARNING [Gilmore12FiducialEBLModel.cc, GetOpticalDepth:206]: Energy 192.531 is above maximum 10^2 TeV.
WARNING [Gilmore12FiducialEBLModel.cc, GetOpticalDepth:206]: Energy 197.015 is above maximum 10^2 TeV.
WARNING [Gilmore12FiducialEBLModel.cc, GetOpticalDepth:206]: Energy 201.604 is above maximum 10^2 TeV.
WARNING [Gilmore12FiducialEBLModel.cc, GetOpticalDepth:206]: Energy 206.3 is above maximum 10^2 TeV.
WARNING [Gilmore12FiducialEBLModel.cc, GetOpticalDepth:206]: Energy 211.106 is above maximum 10^2 TeV.
WARNING [Gilmore12FiducialEBLModel.cc, GetOpticalDepth:206]: Energy 216.023 is above maximum 10^2 TeV.
WARNING [Gilmore12FiducialEBLModel.cc, GetOpticalDepth:206]: Energy 221.055 is above maximum 10^2 TeV.
WARNING [Gilmore12FiducialEBLModel.cc, GetOpticalDepth:206]: Energy 226.204 is above maximum 10^2 TeV.
WARNING [Gilmore12FiducialEBLModel.cc, GetOpticalDepth:206]: Energy 231.473 is above maximum 10^2 TeV.
WARNING [Gilmore12FiducialEBLModel.cc, GetOpticalDepth:206]: Energy 236.865 is above maximum 10^2 TeV.
WARNING [Gilmore12FiducialEBLModel.cc, GetOpticalDepth:206]: Energy 242.382 is above maximum 10^2 TeV.
WARNING [Gilmore12FiducialEBLModel.cc, GetOpticalDepth:206]: Energy 248.028 is above maximum 10^2 TeV.
WARNING [Gilmore12FiducialEBLModel.cc, GetOpticalDepth:206]: Energy 253.805 is above maximum 10^2 TeV.
WARNING [Gilmore12FiducialEBLModel.cc, GetOpticalDepth:206]: Energy 259.717 is above maximum 10^2 TeV.
WARNING [Gilmore12FiducialEBLModel.cc, GetOpticalDepth:206]: Energy 265.766 is above maximum 10^2 TeV.
WARNING [Gilmore12FiducialEBLModel.cc, GetOpticalDepth:206]: Energy 271.957 is above maximum 10^2 TeV.
WARNING [Gilmore12FiducialEBLModel.cc, GetOpticalDepth:206]: Energy 278.292 is above maximum 10^2 TeV.
WARNING [Gilmore12FiducialEBLModel.cc, GetOpticalDepth:206]: Energy 284.774 is above maximum 10^2 TeV.
WARNING [Gilmore12FiducialEBLModel.cc, GetOpticalDepth:206]: Energy 291.407 is above maximum 10^2 TeV.
WARNING [Gilmore12FiducialEBLModel.cc, GetOpticalDepth:206]: Energy 298.195 is above maximum 10^2 TeV.
WARNING [Gilmore12FiducialEBLModel.cc, GetOpticalDepth:206]: Energy 305.141 is above maximum 10^2 TeV.
WARNING [Gilmore12FiducialEBLModel.cc, GetOpticalDepth:206]: Energy 312.248 is above maximum 10^2 TeV.
WARNING [Gilmore12FiducialEBLModel.cc, GetOpticalDepth:206]: Energy 319.521 is above maximum 10^2 TeV.
WARNING [Gilmore12FiducialEBLModel.cc, GetOpticalDepth:206]: Energy 326.964 is above maximum 10^2 TeV.
WARNING [Gilmore12FiducialEBLModel.cc, GetOpticalDepth:206]: Energy 334.58 is above maximum 10^2 TeV.
WARNING [Gilmore12FiducialEBLModel.cc, GetOpticalDepth:206]: Energy 342.373 is above maximum 10^2 TeV.
WARNING [Gilmore12FiducialEBLModel.cc, GetOpticalDepth:206]: Energy 350.348 is above maximum 10^2 TeV.
WARNING [Gilmore12FiducialEBLModel.cc, GetOpticalDepth:206]: Energy 358.509 is above maximum 10^2 TeV.
WARNING [Gilmore12FiducialEBLModel.cc, GetOpticalDepth:206]: Energy 366.86 is above maximum 10^2 TeV.
WARNING [Gilmore12FiducialEBLModel.cc, GetOpticalDepth:206]: Energy 375.405 is above maximum 10^2 TeV.
WARNING [Gilmore12FiducialEBLModel.cc, GetOpticalDepth:206]: Energy 384.149 is above maximum 10^2 TeV.
WARNING [Gilmore12FiducialEBLModel.cc, GetOpticalDepth:206]: Energy 393.097 is above maximum 10^2 TeV.
WARNING [Gilmore12FiducialEBLModel.cc, GetOpticalDepth:206]: Energy 402.254 is above maximum 10^2 TeV.
WARNING [Gilmore12FiducialEBLModel.cc, GetOpticalDepth:206]: Energy 411.623 is above maximum 10^2 TeV.
WARNING [Gilmore12FiducialEBLModel.cc, GetOpticalDepth:206]: Energy 421.211 is above maximum 10^2 TeV.
WARNING [Gilmore12FiducialEBLModel.cc, GetOpticalDepth:206]: Energy 431.023 is above maximum 10^2 TeV.
WARNING [Gilmore12FiducialEBLModel.cc, GetOpticalDepth:206]: Energy 441.062 is above maximum 10^2 TeV.
WARNING [Gilmore12FiducialEBLModel.cc, GetOpticalDepth:206]: Energy 451.336 is above maximum 10^2 TeV.
WARNING [Gilmore12FiducialEBLModel.cc, GetOpticalDepth:206]: Energy 461.849 is above maximum 10^2 TeV.
WARNING [Gilmore12FiducialEBLModel.cc, GetOpticalDepth:206]: Energy 472.607 is above maximum 10^2 TeV.
WARNING [Gilmore12FiducialEBLModel.cc, GetOpticalDepth:206]: Energy 483.615 is above maximum 10^2 TeV.
WARNING [Gilmore12FiducialEBLModel.cc, GetOpticalDepth:206]: Energy 494.88 is above maximum 10^2 TeV.
WARNING [Gilmore12FiducialEBLModel.cc, GetOpticalDepth:206]: Energy 506.407 is above maximum 10^2 TeV.
WARNING [Gilmore12FiducialEBLModel.cc, GetOpticalDepth:206]: Energy 518.203 is above maximum 10^2 TeV.
WARNING [Gilmore12FiducialEBLModel.cc, GetOpticalDepth:206]: Energy 530.274 is above maximum 10^2 TeV.
WARNING [Gilmore12FiducialEBLModel.cc, GetOpticalDepth:206]: Energy 542.625 is above maximum 10^2 TeV.
WARNING [Gilmore12FiducialEBLModel.cc, GetOpticalDepth:206]: Energy 555.265 is above maximum 10^2 TeV.
WARNING [Gilmore12FiducialEBLModel.cc, GetOpticalDepth:206]: Energy 568.198 is above maximum 10^2 TeV.
WARNING [Gilmore12FiducialEBLModel.cc, GetOpticalDepth:206]: Energy 581.433 is above maximum 10^2 TeV.
WARNING [Gilmore12FiducialEBLModel.cc, GetOpticalDepth:206]: Energy 594.977 is above maximum 10^2 TeV.
WARNING [Gilmore12FiducialEBLModel.cc, GetOpticalDepth:206]: Energy 608.836 is above maximum 10^2 TeV.
WARNING [Gilmore12FiducialEBLModel.cc, GetOpticalDepth:206]: Energy 623.017 is above maximum 10^2 TeV.
WARNING [Gilmore12FiducialEBLModel.cc, GetOpticalDepth:206]: Energy 637.529 is above maximum 10^2 TeV.
WARNING [Gilmore12FiducialEBLModel.cc, GetOpticalDepth:206]: Energy 652.379 is above maximum 10^2 TeV.
WARNING [Gilmore12FiducialEBLModel.cc, GetOpticalDepth:206]: Energy 667.575 is above maximum 10^2 TeV.
WARNING [Gilmore12FiducialEBLModel.cc, GetOpticalDepth:206]: Energy 683.125 is above maximum 10^2 TeV.
WARNING [Gilmore12FiducialEBLModel.cc, GetOpticalDepth:206]: Energy 699.037 is above maximum 10^2 TeV.
WARNING [Gilmore12FiducialEBLModel.cc, GetOpticalDepth:206]: Energy 715.319 is above maximum 10^2 TeV.
WARNING [Gilmore12FiducialEBLModel.cc, GetOpticalDepth:206]: Energy 731.981 is above maximum 10^2 TeV.
WARNING [Gilmore12FiducialEBLModel.cc, GetOpticalDepth:206]: Energy 749.031 is above maximum 10^2 TeV.
WARNING [Gilmore12FiducialEBLModel.cc, GetOpticalDepth:206]: Energy 766.479 is above maximum 10^2 TeV.
WARNING [Gilmore12FiducialEBLModel.cc, GetOpticalDepth:206]: Energy 784.332 is above maximum 10^2 TeV.
WARNING [Gilmore12FiducialEBLModel.cc, GetOpticalDepth:206]: Energy 802.602 is above maximum 10^2 TeV.
WARNING [Gilmore12FiducialEBLModel.cc, GetOpticalDepth:206]: Energy 821.297 is above maximum 10^2 TeV.
WARNING [Gilmore12FiducialEBLModel.cc, GetOpticalDepth:206]: Energy 840.427 is above maximum 10^2 TeV.
WARNING [Gilmore12FiducialEBLModel.cc, GetOpticalDepth:206]: Energy 860.003 is above maximum 10^2 TeV.
WARNING [Gilmore12FiducialEBLModel.cc, GetOpticalDepth:206]: Energy 880.035 is above maximum 10^2 TeV.
WARNING [Gilmore12FiducialEBLModel.cc, GetOpticalDepth:206]: Energy 900.534 is above maximum 10^2 TeV.
WARNING [Gilmore12FiducialEBLModel.cc, GetOpticalDepth:206]: Energy 921.51 is above maximum 10^2 TeV.
WARNING [Gilmore12FiducialEBLModel.cc, GetOpticalDepth:206]: Energy 942.975 is above maximum 10^2 TeV.
WARNING [Gilmore12FiducialEBLModel.cc, GetOpticalDepth:206]: Energy 964.939 is above maximum 10^2 TeV.
WARNING [Gilmore12FiducialEBLModel.cc, GetOpticalDepth:206]: Energy 987.416 is above maximum 10^2 TeV.
WARNING [Gilmore12FiducialEBLModel.cc, GetOpticalDepth:206]: Energy 1010.42 is above maximum 10^2 TeV.
WARNING [Gilmore12FiducialEBLModel.cc, GetOpticalDepth:206]: Energy 1033.95 is above maximum 10^2 TeV.
WARNING [Gilmore12FiducialEBLModel.cc, GetOpticalDepth:206]: Energy 1058.03 is above maximum 10^2 TeV.
WARNING [Gilmore12FiducialEBLModel.cc, GetOpticalDepth:206]: Energy 1082.68 is above maximum 10^2 TeV.
WARNING [Gilmore12FiducialEBLModel.cc, GetOpticalDepth:206]: Energy 1107.9 is above maximum 10^2 TeV.
WARNING [Gilmore12FiducialEBLModel.cc, GetOpticalDepth:206]: Energy 1133.7 is above maximum 10^2 TeV.
WARNING [Gilmore12FiducialEBLModel.cc, GetOpticalDepth:206]: Energy 1160.11 is above maximum 10^2 TeV.
WARNING [Gilmore12FiducialEBLModel.cc, GetOpticalDepth:206]: Energy 1187.13 is above maximum 10^2 TeV.
WARNING [Gilmore12FiducialEBLModel.cc, GetOpticalDepth:206]: Energy 1214.79 is above maximum 10^2 TeV.
WARNING [Gilmore12FiducialEBLModel.cc, GetOpticalDepth:206]: Energy 1243.08 is above maximum 10^2 TeV.
WARNING [Gilmore12FiducialEBLModel.cc, GetOpticalDepth:206]: Energy 1272.04 is above maximum 10^2 TeV.
WARNING [Gilmore12FiducialEBLModel.cc, GetOpticalDepth:206]: Energy 1301.67 is above maximum 10^2 TeV.
WARNING [Gilmore12FiducialEBLModel.cc, GetOpticalDepth:206]: Energy 1331.99 is above maximum 10^2 TeV.
WARNING [Gilmore12FiducialEBLModel.cc, GetOpticalDepth:206]: Energy 1363.01 is above maximum 10^2 TeV.
WARNING [Gilmore12FiducialEBLModel.cc, GetOpticalDepth:206]: Energy 1394.76 is above maximum 10^2 TeV.
WARNING [Gilmore12FiducialEBLModel.cc, GetOpticalDepth:206]: Energy 1427.25 is above maximum 10^2 TeV.
WARNING [Gilmore12FiducialEBLModel.cc, GetOpticalDepth:206]: Energy 1460.49 is above maximum 10^2 TeV.
WARNING [Gilmore12FiducialEBLModel.cc, GetOpticalDepth:206]: Energy 1494.51 is above maximum 10^2 TeV.
WARNING [Gilmore12FiducialEBLModel.cc, GetOpticalDepth:206]: Energy 1529.33 is above maximum 10^2 TeV.
WARNING [Gilmore12FiducialEBLModel.cc, GetOpticalDepth:206]: Energy 1564.95 is above maximum 10^2 TeV.
WARNING [Gilmore12FiducialEBLModel.cc, GetOpticalDepth:206]: Energy 1601.4 is above maximum 10^2 TeV.
WARNING [Gilmore12FiducialEBLModel.cc, GetOpticalDepth:206]: Energy 1638.7 is above maximum 10^2 TeV.
WARNING [Gilmore12FiducialEBLModel.cc, GetOpticalDepth:206]: Energy 1676.87 is above maximum 10^2 TeV.
WARNING [Gilmore12FiducialEBLModel.cc, GetOpticalDepth:206]: Energy 1715.93 is above maximum 10^2 TeV.
WARNING [Gilmore12FiducialEBLModel.cc, GetOpticalDepth:206]: Energy 1755.9 is above maximum 10^2 TeV.
WARNING [Gilmore12FiducialEBLModel.cc, GetOpticalDepth:206]: Energy 1796.8 is above maximum 10^2 TeV.
WARNING [Gilmore12FiducialEBLModel.cc, GetOpticalDepth:206]: Energy 1838.65 is above maximum 10^2 TeV.
WARNING [Gilmore12FiducialEBLModel.cc, GetOpticalDepth:206]: Energy 1881.48 is above maximum 10^2 TeV.
WARNING [Gilmore12FiducialEBLModel.cc, GetOpticalDepth:206]: Energy 1925.31 is above maximum 10^2 TeV.
WARNING [Gilmore12FiducialEBLModel.cc, GetOpticalDepth:206]: Energy 1970.15 is above maximum 10^2 TeV.
WARNING [Gilmore12FiducialEBLModel.cc, GetOpticalDepth:206]: Energy 2016.04 is above maximum 10^2 TeV.
WARNING [Gilmore12FiducialEBLModel.cc, GetOpticalDepth:206]: Energy 2063 is above maximum 10^2 TeV.
WARNING [Gilmore12FiducialEBLModel.cc, GetOpticalDepth:206]: Energy 2111.06 is above maximum 10^2 TeV.
WARNING [Gilmore12FiducialEBLModel.cc, GetOpticalDepth:206]: Energy 2160.23 is above maximum 10^2 TeV.
WARNING [Gilmore12FiducialEBLModel.cc, GetOpticalDepth:206]: Energy 2210.55 is above maximum 10^2 TeV.
WARNING [Gilmore12FiducialEBLModel.cc, GetOpticalDepth:206]: Energy 2262.04 is above maximum 10^2 TeV.
WARNING [Gilmore12FiducialEBLModel.cc, GetOpticalDepth:206]: Energy 2314.73 is above maximum 10^2 TeV.
WARNING [Gilmore12FiducialEBLModel.cc, GetOpticalDepth:206]: Energy 2368.65 is above maximum 10^2 TeV.
WARNING [Gilmore12FiducialEBLModel.cc, GetOpticalDepth:206]: Energy 2423.82 is above maximum 10^2 TeV.
WARNING [Gilmore12FiducialEBLModel.cc, GetOpticalDepth:206]: Energy 2480.28 is above maximum 10^2 TeV.
WARNING [Gilmore12FiducialEBLModel.cc, GetOpticalDepth:206]: Energy 2538.05 is above maximum 10^2 TeV.
WARNING [Gilmore12FiducialEBLModel.cc, GetOpticalDepth:206]: Energy 2597.17 is above maximum 10^2 TeV.
WARNING [Gilmore12FiducialEBLModel.cc, GetOpticalDepth:206]: Energy 2657.66 is above maximum 10^2 TeV.
WARNING [Gilmore12FiducialEBLModel.cc, GetOpticalDepth:206]: Energy 2719.57 is above maximum 10^2 TeV.
WARNING [Gilmore12FiducialEBLModel.cc, GetOpticalDepth:206]: Energy 2782.92 is above maximum 10^2 TeV.
WARNING [Gilmore12FiducialEBLModel.cc, GetOpticalDepth:206]: Energy 2847.74 is above maximum 10^2 TeV.
WARNING [Gilmore12FiducialEBLModel.cc, GetOpticalDepth:206]: Energy 2914.07 is above maximum 10^2 TeV.
WARNING [Gilmore12FiducialEBLModel.cc, GetOpticalDepth:206]: Energy 2981.95 is above maximum 10^2 TeV.
WARNING [Gilmore12FiducialEBLModel.cc, GetOpticalDepth:206]: Energy 3051.41 is above maximum 10^2 TeV.
WARNING [Gilmore12FiducialEBLModel.cc, GetOpticalDepth:206]: Energy 3122.48 is above maximum 10^2 TeV.
WARNING [Gilmore12FiducialEBLModel.cc, GetOpticalDepth:206]: Energy 3195.21 is above maximum 10^2 TeV.
WARNING [Gilmore12FiducialEBLModel.cc, GetOpticalDepth:206]: Energy 3269.64 is above maximum 10^2 TeV.
WARNING [Gilmore12FiducialEBLModel.cc, GetOpticalDepth:206]: Energy 3345.8 is above maximum 10^2 TeV.
WARNING [Gilmore12FiducialEBLModel.cc, GetOpticalDepth:206]: Energy 3423.73 is above maximum 10^2 TeV.
WARNING [Gilmore12FiducialEBLModel.cc, GetOpticalDepth:206]: Energy 3503.48 is above maximum 10^2 TeV.
WARNING [Gilmore12FiducialEBLModel.cc, GetOpticalDepth:206]: Energy 3585.09 is above maximum 10^2 TeV.
WARNING [Gilmore12FiducialEBLModel.cc, GetOpticalDepth:206]: Energy 3668.6 is above maximum 10^2 TeV.
WARNING [Gilmore12FiducialEBLModel.cc, GetOpticalDepth:206]: Energy 3754.05 is above maximum 10^2 TeV.
WARNING [Gilmore12FiducialEBLModel.cc, GetOpticalDepth:206]: Energy 3841.49 is above maximum 10^2 TeV.
WARNING [Gilmore12FiducialEBLModel.cc, GetOpticalDepth:206]: Energy 3930.97 is above maximum 10^2 TeV.
WARNING [Gilmore12FiducialEBLModel.cc, GetOpticalDepth:206]: Energy 4022.54 is above maximum 10^2 TeV.
WARNING [Gilmore12FiducialEBLModel.cc, GetOpticalDepth:206]: Energy 4116.23 is above maximum 10^2 TeV.
WARNING [Gilmore12FiducialEBLModel.cc, GetOpticalDepth:206]: Energy 4212.11 is above maximum 10^2 TeV.
WARNING [Gilmore12FiducialEBLModel.cc, GetOpticalDepth:206]: Energy 4310.23 is above maximum 10^2 TeV.
WARNING [Gilmore12FiducialEBLModel.cc, GetOpticalDepth:206]: Energy 4410.62 is above maximum 10^2 TeV.
WARNING [Gilmore12FiducialEBLModel.cc, GetOpticalDepth:206]: Energy 4513.36 is above maximum 10^2 TeV.
WARNING [Gilmore12FiducialEBLModel.cc, GetOpticalDepth:206]: Energy 4618.49 is above maximum 10^2 TeV.
WARNING [Gilmore12FiducialEBLModel.cc, GetOpticalDepth:206]: Energy 4726.07 is above maximum 10^2 TeV.
WARNING [Gilmore12FiducialEBLModel.cc, GetOpticalDepth:206]: Energy 4836.15 is above maximum 10^2 TeV.
WARNING [Gilmore12FiducialEBLModel.cc, GetOpticalDepth:206]: Energy 4948.8 is above maximum 10^2 TeV.
WARNING [Gilmore12FiducialEBLModel.cc, GetOpticalDepth:206]: Energy 5064.07 is above maximum 10^2 TeV.
WARNING [Gilmore12FiducialEBLModel.cc, GetOpticalDepth:206]: Energy 5182.03 is above maximum 10^2 TeV.
WARNING [Gilmore12FiducialEBLModel.cc, GetOpticalDepth:206]: Energy 5302.74 is above maximum 10^2 TeV.
WARNING [Gilmore12FiducialEBLModel.cc, GetOpticalDepth:206]: Energy 5426.25 is above maximum 10^2 TeV.
WARNING [Gilmore12FiducialEBLModel.cc, GetOpticalDepth:206]: Energy 5552.65 is above maximum 10^2 TeV.
WARNING [Gilmore12FiducialEBLModel.cc, GetOpticalDepth:206]: Energy 5681.98 is above maximum 10^2 TeV.
WARNING [Gilmore12FiducialEBLModel.cc, GetOpticalDepth:206]: Energy 5814.33 is above maximum 10^2 TeV.
WARNING [Gilmore12FiducialEBLModel.cc, GetOpticalDepth:206]: Energy 5949.77 is above maximum 10^2 TeV.
WARNING [Gilmore12FiducialEBLModel.cc, GetOpticalDepth:206]: Energy 6088.36 is above maximum 10^2 TeV.
WARNING [Gilmore12FiducialEBLModel.cc, GetOpticalDepth:206]: Energy 6230.17 is above maximum 10^2 TeV.
WARNING [Gilmore12FiducialEBLModel.cc, GetOpticalDepth:206]: Energy 6375.29 is above maximum 10^2 TeV.
WARNING [Gilmore12FiducialEBLModel.cc, GetOpticalDepth:206]: Energy 6523.79 is above maximum 10^2 TeV.
WARNING [Gilmore12FiducialEBLModel.cc, GetOpticalDepth:206]: Energy 6675.75 is above maximum 10^2 TeV.
WARNING [Gilmore12FiducialEBLModel.cc, GetOpticalDepth:206]: Energy 6831.25 is above maximum 10^2 TeV.
WARNING [Gilmore12FiducialEBLModel.cc, GetOpticalDepth:206]: Energy 6990.37 is above maximum 10^2 TeV.
WARNING [Gilmore12FiducialEBLModel.cc, GetOpticalDepth:206]: Energy 7153.19 is above maximum 10^2 TeV.
WARNING [Gilmore12FiducialEBLModel.cc, GetOpticalDepth:206]: Energy 7319.81 is above maximum 10^2 TeV.
WARNING [Gilmore12FiducialEBLModel.cc, GetOpticalDepth:206]: Energy 7490.31 is above maximum 10^2 TeV.
WARNING [Gilmore12FiducialEBLModel.cc, GetOpticalDepth:206]: Energy 7664.79 is above maximum 10^2 TeV.
WARNING [Gilmore12FiducialEBLModel.cc, GetOpticalDepth:206]: Energy 7843.32 is above maximum 10^2 TeV.
WARNING [Gilmore12FiducialEBLModel.cc, GetOpticalDepth:206]: Energy 8026.02 is above maximum 10^2 TeV.
WARNING [Gilmore12FiducialEBLModel.cc, GetOpticalDepth:206]: Energy 8212.97 is above maximum 10^2 TeV.
WARNING [Gilmore12FiducialEBLModel.cc, GetOpticalDepth:206]: Energy 8404.27 is above maximum 10^2 TeV.
WARNING [Gilmore12FiducialEBLModel.cc, GetOpticalDepth:206]: Energy 8600.03 is above maximum 10^2 TeV.
WARNING [Gilmore12FiducialEBLModel.cc, GetOpticalDepth:206]: Energy 8800.35 is above maximum 10^2 TeV.
WARNING [Gilmore12FiducialEBLModel.cc, GetOpticalDepth:206]: Energy 9005.34 is above maximum 10^2 TeV.
WARNING [Gilmore12FiducialEBLModel.cc, GetOpticalDepth:206]: Energy 9215.1 is above maximum 10^2 TeV.
WARNING [Gilmore12FiducialEBLModel.cc, GetOpticalDepth:206]: Energy 9429.75 is above maximum 10^2 TeV.
WARNING [Gilmore12FiducialEBLModel.cc, GetOpticalDepth:206]: Energy 9649.39 is above maximum 10^2 TeV.
WARNING [Gilmore12FiducialEBLModel.cc, GetOpticalDepth:206]: Energy 9874.16 is above maximum 10^2 TeV.
WARNING [Gilmore12FiducialEBLModel.cc, GetOpticalDepth:206]: Energy 10104.2 is above maximum 10^2 TeV.
WARNING [Gilmore12FiducialEBLModel.cc, GetOpticalDepth:206]: Energy 10339.5 is above maximum 10^2 TeV.
WARNING [Gilmore12FiducialEBLModel.cc, GetOpticalDepth:206]: Energy 10580.3 is above maximum 10^2 TeV.
WARNING [Gilmore12FiducialEBLModel.cc, GetOpticalDepth:206]: Energy 10826.8 is above maximum 10^2 TeV.
WARNING [Gilmore12FiducialEBLModel.cc, GetOpticalDepth:206]: Energy 11079 is above maximum 10^2 TeV.
WARNING [Gilmore12FiducialEBLModel.cc, GetOpticalDepth:206]: Energy 11337 is above maximum 10^2 TeV.
WARNING [Gilmore12FiducialEBLModel.cc, GetOpticalDepth:206]: Energy 11601.1 is above maximum 10^2 TeV.
WARNING [Gilmore12FiducialEBLModel.cc, GetOpticalDepth:206]: Energy 11871.3 is above maximum 10^2 TeV.
WARNING [Gilmore12FiducialEBLModel.cc, GetOpticalDepth:206]: Energy 12147.9 is above maximum 10^2 TeV.
WARNING [Gilmore12FiducialEBLModel.cc, GetOpticalDepth:206]: Energy 12430.8 is above maximum 10^2 TeV.
WARNING [Gilmore12FiducialEBLModel.cc, GetOpticalDepth:206]: Energy 12720.4 is above maximum 10^2 TeV.
WARNING [Gilmore12FiducialEBLModel.cc, GetOpticalDepth:206]: Energy 13016.7 is above maximum 10^2 TeV.
WARNING [Gilmore12FiducialEBLModel.cc, GetOpticalDepth:206]: Energy 13319.9 is above maximum 10^2 TeV.
WARNING [Gilmore12FiducialEBLModel.cc, GetOpticalDepth:206]: Energy 13630.1 is above maximum 10^2 TeV.
WARNING [Gilmore12FiducialEBLModel.cc, GetOpticalDepth:206]: Energy 13947.6 is above maximum 10^2 TeV.
WARNING [Gilmore12FiducialEBLModel.cc, GetOpticalDepth:206]: Energy 14272.5 is above maximum 10^2 TeV.
WARNING [Gilmore12FiducialEBLModel.cc, GetOpticalDepth:206]: Energy 14604.9 is above maximum 10^2 TeV.
WARNING [Gilmore12FiducialEBLModel.cc, GetOpticalDepth:206]: Energy 14945.1 is above maximum 10^2 TeV.
WARNING [Gilmore12FiducialEBLModel.cc, GetOpticalDepth:206]: Energy 15293.3 is above maximum 10^2 TeV.
WARNING [Gilmore12FiducialEBLModel.cc, GetOpticalDepth:206]: Energy 15649.5 is above maximum 10^2 TeV.
WARNING [Gilmore12FiducialEBLModel.cc, GetOpticalDepth:206]: Energy 16014 is above maximum 10^2 TeV.
WARNING [Gilmore12FiducialEBLModel.cc, GetOpticalDepth:206]: Energy 16387 is above maximum 10^2 TeV.
WARNING [Gilmore12FiducialEBLModel.cc, GetOpticalDepth:206]: Energy 16768.7 is above maximum 10^2 TeV.
WARNING [Gilmore12FiducialEBLModel.cc, GetOpticalDepth:206]: Energy 17159.3 is above maximum 10^2 TeV.
WARNING [Gilmore12FiducialEBLModel.cc, GetOpticalDepth:206]: Energy 17559 is above maximum 10^2 TeV.
WARNING [Gilmore12FiducialEBLModel.cc, GetOpticalDepth:206]: Energy 17968 is above maximum 10^2 TeV.
WARNING [Gilmore12FiducialEBLModel.cc, GetOpticalDepth:206]: Energy 18386.5 is above maximum 10^2 TeV.
WARNING [Gilmore12FiducialEBLModel.cc, GetOpticalDepth:206]: Energy 18814.8 is above maximum 10^2 TeV.
WARNING [Gilmore12FiducialEBLModel.cc, GetOpticalDepth:206]: Energy 19253.1 is above maximum 10^2 TeV.
WARNING [Gilmore12FiducialEBLModel.cc, GetOpticalDepth:206]: Energy 19701.5 is above maximum 10^2 TeV.
WARNING [Gilmore12FiducialEBLModel.cc, GetOpticalDepth:206]: Energy 20160.4 is above maximum 10^2 TeV.
WARNING [Gilmore12FiducialEBLModel.cc, GetOpticalDepth:206]: Energy 20630 is above maximum 10^2 TeV.
WARNING [Gilmore12FiducialEBLModel.cc, GetOpticalDepth:206]: Energy 21110.6 is above maximum 10^2 TeV.
WARNING [Gilmore12FiducialEBLModel.cc, GetOpticalDepth:206]: Energy 21602.3 is above maximum 10^2 TeV.
WARNING [Gilmore12FiducialEBLModel.cc, GetOpticalDepth:206]: Energy 22105.5 is above maximum 10^2 TeV.
WARNING [Gilmore12FiducialEBLModel.cc, GetOpticalDepth:206]: Energy 22620.4 is above maximum 10^2 TeV.
WARNING [Gilmore12FiducialEBLModel.cc, GetOpticalDepth:206]: Energy 23147.3 is above maximum 10^2 TeV.
WARNING [Gilmore12FiducialEBLModel.cc, GetOpticalDepth:206]: Energy 23686.5 is above maximum 10^2 TeV.
WARNING [Gilmore12FiducialEBLModel.cc, GetOpticalDepth:206]: Energy 24238.2 is above maximum 10^2 TeV.
WARNING [Gilmore12FiducialEBLModel.cc, GetOpticalDepth:206]: Energy 24802.8 is above maximum 10^2 TeV.
WARNING [Gilmore12FiducialEBLModel.cc, GetOpticalDepth:206]: Energy 25380.5 is above maximum 10^2 TeV.
WARNING [Gilmore12FiducialEBLModel.cc, GetOpticalDepth:206]: Energy 25971.7 is above maximum 10^2 TeV.
WARNING [Gilmore12FiducialEBLModel.cc, GetOpticalDepth:206]: Energy 26576.6 is above maximum 10^2 TeV.
WARNING [Gilmore12FiducialEBLModel.cc, GetOpticalDepth:206]: Energy 27195.7 is above maximum 10^2 TeV.
WARNING [Gilmore12FiducialEBLModel.cc, GetOpticalDepth:206]: Energy 27829.2 is above maximum 10^2 TeV.
WARNING [Gilmore12FiducialEBLModel.cc, GetOpticalDepth:206]: Energy 28477.4 is above maximum 10^2 TeV.
WARNING [Gilmore12FiducialEBLModel.cc, GetOpticalDepth:206]: Energy 29140.7 is above maximum 10^2 TeV.
WARNING [Gilmore12FiducialEBLModel.cc, GetOpticalDepth:206]: Energy 29819.5 is above maximum 10^2 TeV.
WARNING [Gilmore12FiducialEBLModel.cc, GetOpticalDepth:206]: Energy 30514.1 is above maximum 10^2 TeV.
WARNING [Gilmore12FiducialEBLModel.cc, GetOpticalDepth:206]: Energy 31224.8 is above maximum 10^2 TeV.
WARNING [Gilmore12FiducialEBLModel.cc, GetOpticalDepth:206]: Energy 31952.1 is above maximum 10^2 TeV.
WARNING [Gilmore12FiducialEBLModel.cc, GetOpticalDepth:206]: Energy 32696.4 is above maximum 10^2 TeV.
WARNING [Gilmore12FiducialEBLModel.cc, GetOpticalDepth:206]: Energy 33458 is above maximum 10^2 TeV.
WARNING [Gilmore12FiducialEBLModel.cc, GetOpticalDepth:206]: Energy 34237.3 is above maximum 10^2 TeV.
WARNING [Gilmore12FiducialEBLModel.cc, GetOpticalDepth:206]: Energy 35034.8 is above maximum 10^2 TeV.
WARNING [Gilmore12FiducialEBLModel.cc, GetOpticalDepth:206]: Energy 35850.9 is above maximum 10^2 TeV.
WARNING [Gilmore12FiducialEBLModel.cc, GetOpticalDepth:206]: Energy 36686 is above maximum 10^2 TeV.
WARNING [Gilmore12FiducialEBLModel.cc, GetOpticalDepth:206]: Energy 37540.5 is above maximum 10^2 TeV.
WARNING [Gilmore12FiducialEBLModel.cc, GetOpticalDepth:206]: Energy 38414.9 is above maximum 10^2 TeV.
WARNING [Gilmore12FiducialEBLModel.cc, GetOpticalDepth:206]: Energy 39309.7 is above maximum 10^2 TeV.
WARNING [Gilmore12FiducialEBLModel.cc, GetOpticalDepth:206]: Energy 40225.4 is above maximum 10^2 TeV.
WARNING [Gilmore12FiducialEBLModel.cc, GetOpticalDepth:206]: Energy 41162.3 is above maximum 10^2 TeV.
WARNING [Gilmore12FiducialEBLModel.cc, GetOpticalDepth:206]: Energy 42121.1 is above maximum 10^2 TeV.
WARNING [Gilmore12FiducialEBLModel.cc, GetOpticalDepth:206]: Energy 43102.3 is above maximum 10^2 TeV.
WARNING [Gilmore12FiducialEBLModel.cc, GetOpticalDepth:206]: Energy 44106.2 is above maximum 10^2 TeV.
WARNING [Gilmore12FiducialEBLModel.cc, GetOpticalDepth:206]: Energy 45133.6 is above maximum 10^2 TeV.
WARNING [Gilmore12FiducialEBLModel.cc, GetOpticalDepth:206]: Energy 46184.9 is above maximum 10^2 TeV.
WARNING [Gilmore12FiducialEBLModel.cc, GetOpticalDepth:206]: Energy 47260.7 is above maximum 10^2 TeV.
WARNING [Gilmore12FiducialEBLModel.cc, GetOpticalDepth:206]: Energy 48361.5 is above maximum 10^2 TeV.
WARNING [Gilmore12FiducialEBLModel.cc, GetOpticalDepth:206]: Energy 49488 is above maximum 10^2 TeV.
WARNING [Gilmore12FiducialEBLModel.cc, GetOpticalDepth:206]: Energy 50640.7 is above maximum 10^2 TeV.
WARNING [Gilmore12FiducialEBLModel.cc, GetOpticalDepth:206]: Energy 51820.3 is above maximum 10^2 TeV.
WARNING [Gilmore12FiducialEBLModel.cc, GetOpticalDepth:206]: Energy 53027.4 is above maximum 10^2 TeV.
WARNING [Gilmore12FiducialEBLModel.cc, GetOpticalDepth:206]: Energy 54262.5 is above maximum 10^2 TeV.
WARNING [Gilmore12FiducialEBLModel.cc, GetOpticalDepth:206]: Energy 55526.5 is above maximum 10^2 TeV.
WARNING [Gilmore12FiducialEBLModel.cc, GetOpticalDepth:206]: Energy 56819.8 is above maximum 10^2 TeV.
WARNING [Gilmore12FiducialEBLModel.cc, GetOpticalDepth:206]: Energy 58143.3 is above maximum 10^2 TeV.
WARNING [Gilmore12FiducialEBLModel.cc, GetOpticalDepth:206]: Energy 59497.7 is above maximum 10^2 TeV.
WARNING [Gilmore12FiducialEBLModel.cc, GetOpticalDepth:206]: Energy 60883.6 is above maximum 10^2 TeV.
WARNING [Gilmore12FiducialEBLModel.cc, GetOpticalDepth:206]: Energy 62301.7 is above maximum 10^2 TeV.
WARNING [Gilmore12FiducialEBLModel.cc, GetOpticalDepth:206]: Energy 63752.9 is above maximum 10^2 TeV.
WARNING [Gilmore12FiducialEBLModel.cc, GetOpticalDepth:206]: Energy 65237.9 is above maximum 10^2 TeV.
WARNING [Gilmore12FiducialEBLModel.cc, GetOpticalDepth:206]: Energy 66757.5 is above maximum 10^2 TeV.
WARNING [Gilmore12FiducialEBLModel.cc, GetOpticalDepth:206]: Energy 68312.5 is above maximum 10^2 TeV.
WARNING [Gilmore12FiducialEBLModel.cc, GetOpticalDepth:206]: Energy 69903.7 is above maximum 10^2 TeV.
WARNING [Gilmore12FiducialEBLModel.cc, GetOpticalDepth:206]: Energy 71531.9 is above maximum 10^2 TeV.
WARNING [Gilmore12FiducialEBLModel.cc, GetOpticalDepth:206]: Energy 73198.1 is above maximum 10^2 TeV.
WARNING [Gilmore12FiducialEBLModel.cc, GetOpticalDepth:206]: Energy 74903.1 is above maximum 10^2 TeV.
WARNING [Gilmore12FiducialEBLModel.cc, GetOpticalDepth:206]: Energy 76647.9 is above maximum 10^2 TeV.
WARNING [Gilmore12FiducialEBLModel.cc, GetOpticalDepth:206]: Energy 78433.2 is above maximum 10^2 TeV.
WARNING [Gilmore12FiducialEBLModel.cc, GetOpticalDepth:206]: Energy 80260.2 is above maximum 10^2 TeV.
WARNING [Gilmore12FiducialEBLModel.cc, GetOpticalDepth:206]: Energy 82129.7 is above maximum 10^2 TeV.
WARNING [Gilmore12FiducialEBLModel.cc, GetOpticalDepth:206]: Energy 84042.7 is above maximum 10^2 TeV.
WARNING [Gilmore12FiducialEBLModel.cc, GetOpticalDepth:206]: Energy 86000.3 is above maximum 10^2 TeV.
WARNING [Gilmore12FiducialEBLModel.cc, GetOpticalDepth:206]: Energy 88003.5 is above maximum 10^2 TeV.
WARNING [Gilmore12FiducialEBLModel.cc, GetOpticalDepth:206]: Energy 90053.4 is above maximum 10^2 TeV.
WARNING [Gilmore12FiducialEBLModel.cc, GetOpticalDepth:206]: Energy 92151 is above maximum 10^2 TeV.
WARNING [Gilmore12FiducialEBLModel.cc, GetOpticalDepth:206]: Energy 94297.5 is above maximum 10^2 TeV.
WARNING [Gilmore12FiducialEBLModel.cc, GetOpticalDepth:206]: Energy 96493.9 is above maximum 10^2 TeV.
WARNING [Gilmore12FiducialEBLModel.cc, GetOpticalDepth:206]: Energy 98741.6 is above maximum 10^2 TeV.
slurmstepd: error: *** JOB 1422723 ON gala24 CANCELLED AT 2025-05-09T00:13:39 ***
